<?xml version="1.0" encoding="UTF-8"?>
<!-- Generated by org.testng.reporters.JUnitXMLReporter -->
<testsuite hostname="TNP-ZSY53V948D3" ignored="0" name="Command line test" tests="2" failures="0" timestamp="2023-03-02T09:27:27 CST" time="0.127" errors="0">
  <testcase name="@BeforeTest openApp" time="0.038" classname="Test.FormTest">
    <failure type="java.lang.NullPointerException">
      <![CDATA[java.lang.NullPointerException
at Test.FormTest.openApp(FormTest.java:25)
... Removed 33 stack frames]]>
    </failure>
  </testcase> <!-- @BeforeTest openApp -->
  <testcase name="@AfterTest closeApp" time="-1.677770847621E9" classname="Test.FormTest">
    <skipped/>
  </testcase> <!-- @AfterTest closeApp -->
  <testcase name="submitForm" time="0.0" classname="Test.FormTest">
    <skipped/>
  </testcase> <!-- submitForm -->
  <testcase name="validateMessage" time="0.0" classname="Test.FormTest">
    <skipped/>
  </testcase> <!-- validateMessage -->
</testsuite> <!-- Command line test -->
